# JRE version: OpenJDK Runtime Environment Corretto-17.0.14.7.1 (17.0.14+7) (build 17.0.14+7-LTS)
# Java VM: OpenJDK 64-Bit Server VM Corretto-17.0.14.7.1 (17.0.14+7-LTS, mixed mode, sharing, tiered, compressed oops, compressed class ptrs, g1 gc, windows-amd64)
GC Precious Log:
 CPUs: 12 total, 12 available
 Memory: 7518M
 Large Page Support: Disabled
 NUMA Support: Disabled
 Compressed Oops: Enabled (32-bit)
 Heap Region Size: 1M
 Heap Min Capacity: 8M
 Heap Initial Capacity: 118M
 Heap Max Capacity: 1880M
 Pre-touch: Disabled
 Parallel Workers: 10
 Concurrent Workers: 3
 Concurrent Refinement Workers: 10
 Periodic GC: Disabled
Heap:
 garbage-first heap   total 86016K, used 44023K [0x000000008a800000, 0x0000000100000000)
  region size 1024K, 7 young (7168K), 2 survivors (2048K)
 Metaspace       used 83643K, committed 84288K, reserved 1179648K
  class space    used 11087K, committed 11392K, reserved 1048576K
GC Heap History (20 events):
Event: 5.853 GC heap before
{Heap before GC invocations=11 (full 0):
 garbage-first heap   total 71680K, used 54842K [0x000000008a800000, 0x0000000100000000)
  region size 1024K, 36 young (36864K), 5 survivors (5120K)
 Metaspace       used 56331K, committed 56768K, reserved 1114112K
  class space    used 7549K, committed 7744K, reserved 1048576K
}
Event: 5.857 GC heap after
{Heap after GC invocations=12 (full 0):
 garbage-first heap   total 71680K, used 24930K [0x000000008a800000, 0x0000000100000000)
  region size 1024K, 2 young (2048K), 2 survivors (2048K)
 Metaspace       used 56331K, committed 56768K, reserved 1114112K
  class space    used 7549K, committed 7744K, reserved 1048576K
}
Event: 6.239 GC heap before
{Heap before GC invocations=12 (full 0):
 garbage-first heap   total 71680K, used 46434K [0x000000008a800000, 0x0000000100000000)
  region size 1024K, 24 young (24576K), 2 survivors (2048K)
 Metaspace       used 59692K, committed 60160K, reserved 1114112K
  class space    used 8050K, committed 8256K, reserved 1048576K
}
Event: 6.241 GC heap after
{Heap after GC invocations=13 (full 0):
 garbage-first heap   total 71680K, used 25310K [0x000000008a800000, 0x0000000100000000)
  region size 1024K, 3 young (3072K), 3 survivors (3072K)
 Metaspace       used 59692K, committed 60160K, reserved 1114112K
  class space    used 8050K, committed 8256K, reserved 1048576K
}
Event: 6.929 GC heap before
{Heap before GC invocations=14 (full 0):
 garbage-first heap   total 71680K, used 56030K [0x000000008a800000, 0x0000000100000000)
  region size 1024K, 33 young (33792K), 3 survivors (3072K)
 Metaspace       used 65341K, committed 65856K, reserved 1114112K
  class space    used 8914K, committed 9152K, reserved 1048576K
}
Event: 6.932 GC heap after
{Heap after GC invocations=15 (full 0):
 garbage-first heap   total 71680K, used 27830K [0x000000008a800000, 0x0000000100000000)
  region size 1024K, 5 young (5120K), 5 survivors (5120K)
 Metaspace       used 65341K, committed 65856K, reserved 1114112K
  class space    used 8914K, committed 9152K, reserved 1048576K
}
Event: 7.272 GC heap before
{Heap before GC invocations=15 (full 0):
 garbage-first heap   total 71680K, used 56502K [0x000000008a800000, 0x0000000100000000)
  region size 1024K, 33 young (33792K), 5 survivors (5120K)
 Metaspace       used 69355K, committed 69888K, reserved 1114112K
  class space    used 9628K, committed 9856K, reserved 1048576K
}
Event: 7.276 GC heap after
{Heap after GC invocations=16 (full 0):
 garbage-first heap   total 71680K, used 30135K [0x000000008a800000, 0x0000000100000000)
  region size 1024K, 3 young (3072K), 3 survivors (3072K)
 Metaspace       used 69355K, committed 69888K, reserved 1114112K
  class space    used 9628K, committed 9856K, reserved 1048576K
}
Event: 7.449 GC heap before
{Heap before GC invocations=16 (full 0):
 garbage-first heap   total 71680K, used 55735K [0x000000008a800000, 0x0000000100000000)
  region size 1024K, 28 young (28672K), 3 survivors (3072K)
 Metaspace       used 69935K, committed 70464K, reserved 1114112K
  class space    used 9682K, committed 9920K, reserved 1048576K
}
Event: 7.452 GC heap after
{Heap after GC invocations=17 (full 0):
 garbage-first heap   total 71680K, used 32537K [0x000000008a800000, 0x0000000100000000)
  region size 1024K, 4 young (4096K), 4 survivors (4096K)
 Metaspace       used 69935K, committed 70464K, reserved 1114112K
  class space    used 9682K, committed 9920K, reserved 1048576K
}
Event: 7.608 GC heap before
{Heap before GC invocations=17 (full 0):
 garbage-first heap   total 71680K, used 56089K [0x000000008a800000, 0x0000000100000000)
  region size 1024K, 27 young (27648K), 4 survivors (4096K)
 Metaspace       used 70424K, committed 70976K, reserved 1114112K
  class space    used 9741K, committed 9984K, reserved 1048576K
}
Event: 7.612 GC heap after
{Heap after GC invocations=18 (full 0):
 garbage-first heap   total 86016K, used 33869K [0x000000008a800000, 0x0000000100000000)
  region size 1024K, 2 young (2048K), 2 survivors (2048K)
 Metaspace       used 70424K, committed 70976K, reserved 1114112K
  class space    used 9741K, committed 9984K, reserved 1048576K
}
Event: 257.269 GC heap before
{Heap before GC invocations=18 (full 0):
 garbage-first heap   total 86016K, used 66637K [0x000000008a800000, 0x0000000100000000)
  region size 1024K, 34 young (34816K), 2 survivors (2048K)
 Metaspace       used 74534K, committed 75136K, reserved 1114112K
  class space    used 10273K, committed 10560K, reserved 1048576K
}
Event: 257.325 GC heap after
{Heap after GC invocations=19 (full 0):
 garbage-first heap   total 86016K, used 36853K [0x000000008a800000, 0x0000000100000000)
  region size 1024K, 5 young (5120K), 5 survivors (5120K)
 Metaspace       used 74534K, committed 75136K, reserved 1114112K
  class space    used 10273K, committed 10560K, reserved 1048576K
}
Event: 1587.972 GC heap before
{Heap before GC invocations=19 (full 0):
 garbage-first heap   total 86016K, used 65525K [0x000000008a800000, 0x0000000100000000)
  region size 1024K, 34 young (34816K), 5 survivors (5120K)
 Metaspace       used 80559K, committed 81216K, reserved 1179648K
  class space    used 11021K, committed 11328K, reserved 1048576K
}
Event: 1588.014 GC heap after
{Heap after GC invocations=20 (full 0):
 garbage-first heap   total 86016K, used 39107K [0x000000008a800000, 0x0000000100000000)
  region size 1024K, 3 young (3072K), 3 survivors (3072K)
 Metaspace       used 80559K, committed 81216K, reserved 1179648K
  class space    used 11021K, committed 11328K, reserved 1048576K
}
Event: 2323.194 GC heap before
{Heap before GC invocations=20 (full 0):
 garbage-first heap   total 86016K, used 67779K [0x000000008a800000, 0x0000000100000000)
  region size 1024K, 31 young (31744K), 3 survivors (3072K)
 Metaspace       used 82485K, committed 83136K, reserved 1179648K
  class space    used 11086K, committed 11392K, reserved 1048576K
}
Event: 2323.252 GC heap after
{Heap after GC invocations=21 (full 0):
 garbage-first heap   total 86016K, used 39827K [0x000000008a800000, 0x0000000100000000)
  region size 1024K, 4 young (4096K), 4 survivors (4096K)
 Metaspace       used 82485K, committed 83136K, reserved 1179648K
  class space    used 11086K, committed 11392K, reserved 1048576K
}
Event: 2376.397 GC heap before
{Heap before GC invocations=21 (full 0):
 garbage-first heap   total 86016K, used 68499K [0x000000008a800000, 0x0000000100000000)
  region size 1024K, 32 young (32768K), 4 survivors (4096K)
 Metaspace       used 83569K, committed 84224K, reserved 1179648K
  class space    used 11087K, committed 11392K, reserved 1048576K
}
Event: 2376.411 GC heap after
{Heap after GC invocations=22 (full 0):
 garbage-first heap   total 86016K, used 39927K [0x000000008a800000, 0x0000000100000000)
  region size 1024K, 2 young (2048K), 2 survivors (2048K)
 Metaspace       used 83569K, committed 84224K, reserved 1179648K
  class space    used 11087K, committed 11392K, reserved 1048576K
}

